Unable to capture context for thread 16592 in process 20704, can not generate back trace
Unable to capture context for thread 15940 in process 20704, can not generate back trace
Unable to capture context for thread 6804 in process 20704, can not generate back trace
Unable to capture context for thread 19020 in process 20704, can not generate back trace
Unable to capture context for thread 5608 in process 20704, can not generate back trace
Unable to capture context for thread 13716 in process 20704, can not generate back trace
Unable to capture context for thread 5260 in process 20704, can not generate back trace
Unable to capture context for thread 16116 in process 20704, can not generate back trace
Exception at PC 0x00007FFB417CBB93
Printing stacktrace...

[0]  [0x00007FFB417CBB93]
[1]  [0x00007FFB417CBB93]
[2]  [0x00007FFB417CB4A1]
[3]  [0x00007FFB417CB459]
[4]  [0x00007FFB417B19FE]
[5]  [0x00007FFB417B0ED1]
[6]  [0x00007FFB417B0D76]
[7]  [0x00007FFB417579F6]
[8]  [0x00007FFB41747AFB]
[9]  [0x00007FFB4186E90A]
[10]  [0x00007FFB41889F87]
[11]  [0x00007FFB4188A05F]
[12] (BaseThreadInitThunk+0x14) [0x00007FFBDDDA7034]
[13] (RtlUserThreadStart+0x21) [0x00007FFBDFA82651]
Done
Exception at PC 0x00007FFB414D1A52
Attemped to write at address 0x00007FFB95D4ABA4
Printing stacktrace...

[0]  [0x00007FFB414D1A52]
[1]  [0x00007FFB414D1A52]
[2]  [0x00007FFB414D1AD4]
[3]  [0x00007FFB41613FF7]
[4]  [0x00007FFB414F9128]
[5]  [0x00007FFB417ADFB9]
[6]  [0x00007FFB4197EF23]
[7]  [0x00007FFB4188B06B]
[8]  [0x00007FFB418808AF]
[9]  [0x00007FFB41880A32]
[10] (RtlActivateActivationContextUnsafeFast+0x11d) [0x00007FFBDFA49A1D]
[11] (LdrShutdownProcess+0x141) [0x00007FFBDFA8DB91]
[12] (RtlExitUserProcess+0xad) [0x00007FFBDFA8DA2D]
[13] (FatalExit+0xb) [0x00007FFBDDDAE0AB]
[14] (exit+0x85) [0x00007FFBDDCCA155]
[15] (initterm_e+0x245) [0x00007FFBDDCCA7C5]
[16]  [0x00000000004014CD]
[17]  [0x000000000040151B]
[18] (BaseThreadInitThunk+0x14) [0x00007FFBDDDA7034]
[19] (RtlUserThreadStart+0x21) [0x00007FFBDFA82651]
Done
