#-----------------------------------------------------------
# Vivado v2017.2 (64-bit)
# SW Build 1909853 on Thu Jun 15 18:39:09 MDT 2017
# IP Build 1909766 on Thu Jun 15 19:58:00 MDT 2017
# Start of session at: Thu Nov 11 19:42:01 2021
# Process ID: 17560
# Current directory: C:/Users/efrenbg1/Desktop/DSED-2021
# Command line: vivado.exe -gui_launcher_event rodinguilauncherevent18244 C:\Users\efrenbg1\Desktop\DSED-2021\DSED-2021.xpr
# Log file: C:/Users/efrenbg1/Desktop/DSED-2021/vivado.log
# Journal file: C:/Users/efrenbg1/Desktop/DSED-2021\vivado.jou
#-----------------------------------------------------------
start_gui
open_project C:/Users/efrenbg1/Desktop/DSED-2021/DSED-2021.xpr
Scanning sources...
Finished scanning sources
INFO: [IP_Flow 19-234] Refreshing IP repositories
INFO: [IP_Flow 19-1704] No user IP repositories specified
INFO: [IP_Flow 19-2313] Loaded Vivado IP repository 'C:/Xilinx/Vivado/2017.2/data/ip'.
update_compile_order -fileset sources_1
exit
INFO: [Common 17-206] Exiting Vivado at Thu Nov 11 20:00:17 2021...
